0 info it worked if it ends with ok
1 verbose cli [ '/home/amazing/.nvm/v5.1.0/bin/node',
1 verbose cli   '/home/amazing/.nvm/v5.1.0/bin/npm',
1 verbose cli   'install',
1 verbose cli   'git://git@github.com/awesomepankaj/react-hello-world.git',
1 verbose cli   '—save' ]
2 info using npm@3.3.12
3 info using node@v5.1.0
4 silly loadCurrentTree Starting
5 silly install loadCurrentTree
6 silly install readLocalPackageData
7 silly fetchPackageMetaData git://git@github.com/awesomepankaj/react-hello-world.git
8 silly fetchPackageMetaData —save
9 silly fetchOtherPackageData git://git@github.com/awesomepankaj/react-hello-world.git
10 silly cache add args [ 'git://git@github.com/awesomepankaj/react-hello-world.git',
10 silly cache add   null ]
11 verbose cache add spec git://git@github.com/awesomepankaj/react-hello-world.git
12 silly fetchOtherPackageData —save
13 silly cache add args [ '—save', null ]
14 verbose cache add spec —save
15 silly cache add parsed spec Result {
15 silly cache add   raw: 'git://git@github.com/awesomepankaj/react-hello-world.git',
15 silly cache add   scope: null,
15 silly cache add   name: null,
15 silly cache add   rawSpec: 'git://git@github.com/awesomepankaj/react-hello-world.git',
15 silly cache add   spec: 'git://git@github.com/awesomepankaj/react-hello-world.git',
15 silly cache add   type: 'hosted',
15 silly cache add   hosted:
15 silly cache add    { type: 'github',
15 silly cache add      ssh: 'git@github.com:awesomepankaj/react-hello-world.git',
15 silly cache add      sshUrl: 'git+ssh://git@github.com/awesomepankaj/react-hello-world.git',
15 silly cache add      httpsUrl: 'git+https://git@github.com/awesomepankaj/react-hello-world.git',
15 silly cache add      gitUrl: 'git://git@github.com/awesomepankaj/react-hello-world.git',
15 silly cache add      shortcut: 'github:awesomepankaj/react-hello-world',
15 silly cache add      directUrl: 'https://git@raw.githubusercontent.com/awesomepankaj/react-hello-world/master/package.json' } }
16 verbose addRemoteGit caching git://git@github.com/awesomepankaj/react-hello-world.git
17 verbose addRemoteGit git://git@github.com/awesomepankaj/react-hello-world.git is a repository hosted by github
18 silly tryClone cloning git://git@github.com/awesomepankaj/react-hello-world.git via git://git@github.com/awesomepankaj/react-hello-world.git
19 verbose tryClone git-git-github-com-awesomepankaj-react-hello-world-git-e361b9c2cb645381c1e5b7af80b7dbd3 not in flight; caching
20 silly cache add parsed spec Result {
20 silly cache add   raw: '—save',
20 silly cache add   scope: null,
20 silly cache add   name: null,
20 silly cache add   rawSpec: '—save',
20 silly cache add   spec: '/home/amazing/react-hello-world/—save',
20 silly cache add   type: 'local' }
21 verbose makeDirectory /home/amazing/.npm/_git-remotes creation not in flight; initializing
22 silly makeDirectory /home/amazing/.npm/_git-remotes uid: 1000 gid: 1000
23 error addLocal Could not install /home/amazing/react-hello-world/—save
24 silly fetchPackageMetaData Error: ENOENT: no such file or directory, open '/home/amazing/react-hello-world/—save'
24 silly fetchPackageMetaData     at Error (native)
24 silly fetchPackageMetaData  error for —save { [Error: ENOENT: no such file or directory, open '/home/amazing/react-hello-world/—save']
24 silly fetchPackageMetaData   errno: -2,
24 silly fetchPackageMetaData   code: 'ENOENT',
24 silly fetchPackageMetaData   syscall: 'open',
24 silly fetchPackageMetaData   path: '/home/amazing/react-hello-world/—save' }
25 info git [ 'clone',
25 info git   '--template=/home/amazing/.npm/_git-remotes/_templates',
25 info git   '--mirror',
25 info git   'git://git@github.com/awesomepankaj/react-hello-world.git',
25 info git   '/home/amazing/.npm/_git-remotes/git-git-github-com-awesomepankaj-react-hello-world-git-e361b9c2cb645381c1e5b7af80b7dbd3' ]
26 error git clone --template=/home/amazing/.npm/_git-remotes/_templates --mirror git://git@github.com/awesomepankaj/react-hello-world.git /home/amazing/.npm/_git-remotes/git-git-github-com-awesomepankaj-react-hello-world-git-e361b9c2cb645381c1e5b7af80b7dbd3: Cloning into bare repository '/home/amazing/.npm/_git-remotes/git-git-github-com-awesomepankaj-react-hello-world-git-e361b9c2cb645381c1e5b7af80b7dbd3'...
26 error git clone --template=/home/amazing/.npm/_git-remotes/_templates --mirror git://git@github.com/awesomepankaj/react-hello-world.git /home/amazing/.npm/_git-remotes/git-git-github-com-awesomepankaj-react-hello-world-git-e361b9c2cb645381c1e5b7af80b7dbd3: fatal: unable to connect to git@github.com:
26 error git clone --template=/home/amazing/.npm/_git-remotes/_templates --mirror git://git@github.com/awesomepankaj/react-hello-world.git /home/amazing/.npm/_git-remotes/git-git-github-com-awesomepankaj-react-hello-world-git-e361b9c2cb645381c1e5b7af80b7dbd3: git@github.com: Name or service not known
27 silly fetchPackageMetaData Error: Command failed: git clone --template=/home/amazing/.npm/_git-remotes/_templates --mirror git://git@github.com/awesomepankaj/react-hello-world.git /home/amazing/.npm/_git-remotes/git-git-github-com-awesomepankaj-react-hello-world-git-e361b9c2cb645381c1e5b7af80b7dbd3
27 silly fetchPackageMetaData Cloning into bare repository '/home/amazing/.npm/_git-remotes/git-git-github-com-awesomepankaj-react-hello-world-git-e361b9c2cb645381c1e5b7af80b7dbd3'...
27 silly fetchPackageMetaData fatal: unable to connect to git@github.com:
27 silly fetchPackageMetaData git@github.com: Name or service not known
27 silly fetchPackageMetaData
27 silly fetchPackageMetaData
27 silly fetchPackageMetaData     at ChildProcess.exithandler (child_process.js:213:12)
27 silly fetchPackageMetaData     at emitTwo (events.js:87:13)
27 silly fetchPackageMetaData     at ChildProcess.emit (events.js:172:7)
27 silly fetchPackageMetaData     at maybeClose (internal/child_process.js:818:16)
27 silly fetchPackageMetaData     at Process.ChildProcess._handle.onexit (internal/child_process.js:211:5)
27 silly fetchPackageMetaData  error for git://git@github.com/awesomepankaj/react-hello-world.git { [Error: Command failed: git clone --template=/home/amazing/.npm/_git-remotes/_templates --mirror git://git@github.com/awesomepankaj/react-hello-world.git /home/amazing/.npm/_git-remotes/git-git-github-com-awesomepankaj-react-hello-world-git-e361b9c2cb645381c1e5b7af80b7dbd3
27 silly fetchPackageMetaData Cloning into bare repository '/home/amazing/.npm/_git-remotes/git-git-github-com-awesomepankaj-react-hello-world-git-e361b9c2cb645381c1e5b7af80b7dbd3'...
27 silly fetchPackageMetaData fatal: unable to connect to git@github.com:
27 silly fetchPackageMetaData git@github.com: Name or service not known
27 silly fetchPackageMetaData
27 silly fetchPackageMetaData ]
27 silly fetchPackageMetaData   killed: false,
27 silly fetchPackageMetaData   code: 128,
27 silly fetchPackageMetaData   signal: null,
27 silly fetchPackageMetaData   cmd: 'git clone --template=/home/amazing/.npm/_git-remotes/_templates --mirror git://git@github.com/awesomepankaj/react-hello-world.git /home/amazing/.npm/_git-remotes/git-git-github-com-awesomepankaj-react-hello-world-git-e361b9c2cb645381c1e5b7af80b7dbd3' }
28 silly rollbackFailedOptional Starting
29 silly rollbackFailedOptional Finishing
30 silly runTopLevelLifecycles Starting
31 silly runTopLevelLifecycles Finishing
32 silly install printInstalled
33 verbose stack Error: ENOENT: no such file or directory, open '/home/amazing/react-hello-world/—save'
33 verbose stack     at Error (native)
34 verbose cwd /home/amazing/react-hello-world
35 error Linux 4.4.0-28-generic
36 error argv "/home/amazing/.nvm/v5.1.0/bin/node" "/home/amazing/.nvm/v5.1.0/bin/npm" "install" "git://git@github.com/awesomepankaj/react-hello-world.git" "—save"
37 error node v5.1.0
38 error npm  v3.3.12
39 error path /home/amazing/react-hello-world/—save
40 error code ENOENT
41 error errno -2
42 error syscall open
43 error enoent ENOENT: no such file or directory, open '/home/amazing/react-hello-world/—save'
43 error enoent This is most likely not a problem with npm itself
43 error enoent and is related to npm not being able to find a file.
44 verbose exit [ -2, true ]
